
> clawfeed@0.8.1 start
> node src/server.mjs

🚀 ClawFeed API running on http://127.0.0.1:8767

> clawfeed@0.8.1 start
> node src/server.mjs

🚀 ClawFeed API running on http://127.0.0.1:8767
Collected AdExchanger: 2 new items (10 total)
Collected Search Engine Land (Paid Social): 0 new items (10 total)
Collected r/TikTokAds: 1 new items (20 total)
Collected r/TikTokShop: 17 new items (20 total)
Collected r/FacebookAds: 19 new items (20 total)
Collected r/Affiliatemarketing: 13 new items (20 total)
Collected r/FacebookMarketing: 0 new items (0 total)
Collected Search Engine Journal (PPC): 0 new items (20 total)
Collected r/TikTokhelp: 0 new items (0 total)
Collected r/PPC: 13 new items (20 total)
Collected Social Media Examiner: 0 new items (25 total)
Collected r/marketing: 6 new items (20 total)
Collected MarTech.org: 4 new items (10 total)
Collected TechCrunch: 18 new items (20 total)
Collected r/adops: 6 new items (20 total)
Collected Meta for Developers Blog: 0 new items (10 total)
Collected Adweek: 10 new items (10 total)
Collected r/programmatic: 1 new items (20 total)
Collected r/privacy: 13 new items (20 total)
Collected AppsFlyer Blog: 0 new items (0 total)
Collected Facebook for Business News RSS: 10 new items (10 total)
Collected r/adtech: 1 new items (20 total)
Collected r/growthhacking: 16 new items (20 total)
Collected r/digital_marketing: 18 new items (20 total)
Collected r/startups: 7 new items (20 total)
Collected r/Entrepreneur: 8 new items (20 total)
Collected r/socialmedia: 17 new items (20 total)
Collected Meta Newsroom RSS: 0 new items (10 total)
Collected r/ecommerce: 15 new items (20 total)

> clawfeed@0.8.1 start
> node src/server.mjs

🚀 ClawFeed API running on http://127.0.0.1:8767
Collected AdExchanger: 4 new items (10 total)
Collected Search Engine Journal (PPC): 0 new items (20 total)
Collected VeryFB论坛: 31 new items (76 total)
Collected Search Engine Land (Paid Social): 0 new items (10 total)
Collected MarTech.org: 4 new items (10 total)
Collected Meta for Developers Blog: 0 new items (0 total)
Collected Social Media Examiner: 1 new items (25 total)
Collected TechCrunch: 20 new items (20 total)
Collected Adweek: 10 new items (10 total)
Collected AppsFlyer Blog: 0 new items (0 total)
Collected Meta Newsroom RSS: 1 new items (10 total)
Collected The Information (public posts): 11 new items (20 total)
Collected Facebook for Business News RSS: 0 new items (10 total)
Collected AdExchanger: 0 new items (10 total)
Collected Search Engine Journal (PPC): 0 new items (20 total)
Collected VeryFB论坛: 0 new items (76 total)
Collected MarTech.org: 0 new items (10 total)
Collected r/FacebookMarketing: 0 new items (0 total)
Collected Search Engine Land (Paid Social): 0 new items (10 total)
Collected r/FacebookAds: 19 new items (20 total)
Collected Meta for Developers Blog: 0 new items (10 total)
Collected TechCrunch: 0 new items (20 total)
Collected Adweek: 0 new items (10 total)
Collected r/TikTokShop: 10 new items (20 total)
Collected Social Media Examiner: 0 new items (25 total)
Collected r/adops: 4 new items (20 total)
Collected r/marketing: 4 new items (20 total)
Collected r/TikTokAds: 0 new items (20 total)
Collected r/programmatic: 5 new items (20 total)
Collected r/TikTokhelp: 0 new items (0 total)
Collected AppsFlyer Blog: 0 new items (0 total)
Collected r/PPC: 15 new items (20 total)
Collected r/privacy: 14 new items (20 total)
Collected r/Affiliatemarketing: 9 new items (20 total)
Collected Meta Newsroom RSS: 0 new items (10 total)
Collected r/adtech: 4 new items (20 total)
Collected r/digital_marketing: 19 new items (20 total)
Collected r/socialmedia: 17 new items (20 total)
Collected r/growthhacking: 18 new items (20 total)
Collected r/Entrepreneur: 15 new items (20 total)
Collected r/startups: 15 new items (20 total)
Collected r/ecommerce: 10 new items (20 total)
Collected Facebook for Business News RSS: 0 new items (10 total)
Collected AdExchanger: 0 new items (10 total)
Collected Search Engine Journal (PPC): 0 new items (20 total)
Collected VeryFB论坛: 0 new items (76 total)
Collected r/FacebookAds: 0 new items (20 total)
Collected Talkwalker: Master Feed: 40 new items (40 total)
Collected r/FacebookMarketing: 0 new items (0 total)
Collected MarTech.org: 0 new items (10 total)
Collected Meta for Developers Blog: 0 new items (10 total)
Collected TechCrunch: 0 new items (20 total)
Collected Adweek: 0 new items (10 total)
Collected Social Media Examiner: 0 new items (25 total)
Collected r/TikTokShop: 0 new items (20 total)
Collected r/marketing: 0 new items (20 total)
Collected r/adops: 0 new items (20 total)
Collected r/programmatic: 0 new items (20 total)
Collected AppsFlyer Blog: 0 new items (0 total)
Collected r/TikTokhelp: 0 new items (0 total)
Collected r/TikTokAds: 0 new items (20 total)
Collected Meta Newsroom RSS: 0 new items (10 total)
Collected r/PPC: 0 new items (20 total)
Collected r/privacy: 1 new items (20 total)
Collected r/Affiliatemarketing: 0 new items (20 total)
Collected r/adtech: 0 new items (20 total)
Collected r/growthhacking: 0 new items (20 total)
Collected r/digital_marketing: 0 new items (20 total)
Collected r/socialmedia: 0 new items (20 total)
Collected r/Entrepreneur: 0 new items (20 total)
Collected r/startups: 1 new items (20 total)
Collected The Information (public posts): 1 new items (20 total)
Collected r/ecommerce: 0 new items (20 total)
Collected Facebook for Business News RSS: 0 new items (10 total)
Collected AdExchanger: 0 new items (10 total)
Collected Search Engine Journal (PPC): 0 new items (20 total)
Collected r/FacebookMarketing: 0 new items (0 total)
Collected VeryFB论坛: 1 new items (76 total)
Collected TechCrunch: 0 new items (20 total)
Collected r/FacebookAds: 0 new items (20 total)
Collected Meta for Developers Blog: 0 new items (10 total)
Collected Adweek: 0 new items (10 total)
Collected Talkwalker: Master Feed: 0 new items (40 total)
Collected MarTech.org: 0 new items (10 total)
Collected Search Engine Land (Paid Social): 0 new items (10 total)
Collected Social Media Examiner: 0 new items (25 total)
Collected r/marketing: 0 new items (20 total)
Collected AppsFlyer Blog: 0 new items (0 total)
Collected r/TikTokhelp: 0 new items (0 total)
Collected r/adops: 0 new items (20 total)
Collected r/programmatic: 0 new items (20 total)
Collected Meta Newsroom RSS: 0 new items (10 total)
Collected r/privacy: 0 new items (20 total)
Collected r/TikTokShop: 0 new items (20 total)
Collected r/PPC: 0 new items (20 total)
Collected r/TikTokAds: 0 new items (20 total)
Collected r/adtech: 0 new items (20 total)
Collected r/Affiliatemarketing: 0 new items (20 total)
Collected r/digital_marketing: 0 new items (20 total)
Collected r/growthhacking: 2 new items (20 total)
Collected r/socialmedia: 0 new items (20 total)
Collected r/Entrepreneur: 0 new items (20 total)
Collected r/startups: 0 new items (20 total)
Collected r/ecommerce: 0 new items (20 total)
Collected Facebook for Business News RSS: 0 new items (10 total)
Collected AdExchanger: 1 new items (10 total)
Collected TechCrunch: 0 new items (20 total)
Collected Search Engine Journal (PPC): 0 new items (20 total)
Collected Meta for Developers Blog: 0 new items (10 total)
Collected MarTech.org: 0 new items (10 total)
Collected VeryFB论坛: 0 new items (76 total)
Collected Adweek: 0 new items (10 total)
Collected Talkwalker: Master Feed: 120 new items (120 total)
Collected Social Media Examiner: 0 new items (25 total)
Collected AppsFlyer Blog: 0 new items (0 total)
Collected Search Engine Land (Paid Social): 0 new items (10 total)
Collected Meta Newsroom RSS: 0 new items (10 total)
Collected Facebook for Business News RSS: 0 new items (10 total)
Collected Search Engine Journal (PPC): 0 new items (20 total)
Collected AdExchanger: 1 new items (10 total)
Collected TechCrunch: 0 new items (20 total)
Collected Meta for Developers Blog: 0 new items (10 total)
Collected MarTech.org: 0 new items (10 total)
Collected VeryFB论坛: 0 new items (76 total)
Collected Social Media Examiner: 0 new items (25 total)
Collected Adweek: 0 new items (10 total)
Collected Facebook for Business News RSS: 0 new items (10 total)
Collected AppsFlyer Blog: 0 new items (0 total)
Collected Talkwalker: Master Feed: 0 new items (120 total)
Collected Search Engine Land (Paid Social): 0 new items (10 total)
Collected Meta Newsroom RSS: 0 new items (10 total)
Collected Search Engine Land (PPC): 10 new items (10 total)

> clawfeed@0.8.1 start
> node src/server.mjs

🚀 ClawFeed API running on http://127.0.0.1:8767
Collected AdExchanger: 1 new items (10 total)
Collected TechCrunch: 0 new items (20 total)
Collected Search Engine Journal (PPC): 0 new items (20 total)
Collected Meta for Developers Blog: 0 new items (10 total)
Collected MarTech.org: 0 new items (10 total)
Collected VeryFB论坛: 0 new items (76 total)
Collected Adweek: 0 new items (10 total)
Collected Social Media Examiner: 0 new items (25 total)
Collected The Information (public posts): 1 new items (20 total)
Collected AppsFlyer Blog: 0 new items (0 total)
Collected Search Engine Land (Paid Social): 0 new items (10 total)
Collected Talkwalker: Master Feed: 0 new items (120 total)
Collected Meta Newsroom RSS: 0 new items (10 total)
Collected Facebook for Business News RSS: 0 new items (10 total)
Collected Search Engine Land (PPC): 0 new items (10 total)

> clawfeed@0.8.1 start
> node src/server.mjs

🚀 ClawFeed API running on http://127.0.0.1:8767
Collected TechCrunch: 0 new items (20 total)
Collected AdExchanger: 0 new items (10 total)
Collected Search Engine Journal (PPC): 0 new items (20 total)
Collected Meta for Developers Blog: 0 new items (10 total)
Collected MarTech.org: 0 new items (10 total)
Collected Adweek: 0 new items (10 total)
Collected AppsFlyer Blog: 0 new items (0 total)
Collected VeryFB论坛: 7 new items (76 total)
Collected Social Media Examiner: 0 new items (25 total)
Collected Meta Newsroom RSS: 0 new items (10 total)
Collected The Information (public posts): 0 new items (20 total)
Collected Search Engine Land (Paid Social): 0 new items (10 total)
Collected Talkwalker: Master Feed: 0 new items (120 total)
Collected Facebook for Business News RSS: 0 new items (10 total)

> clawfeed@0.8.1 start
> node src/server.mjs

🚀 ClawFeed API running on http://127.0.0.1:8767
Collected Search Engine Journal (PPC): 0 new items (20 total)
Collected AdExchanger: 0 new items (10 total)
Collected Meta for Developers Blog: 0 new items (10 total)
Collected Jon Loomer Digital: 50 new items (50 total)
Collected Instapage Blog: 12 new items (12 total)
Collected Meta Newsroom RSS: 0 new items (10 total)
Collected VWO Blog: 9 new items (9 total)
Collected AppsFlyer Blog: 0 new items (0 total)
Collected r/Affiliatemarketing: 3 new items (20 total)
Collected VeryFB论坛: 4 new items (77 total)
Collected Optimizely Blog: 20 new items (20 total)
Collected r/programmatic: 1 new items (20 total)
Collected Search Engine Land (Paid Social): 0 new items (10 total)
Collected Search Engine Land (PPC): 0 new items (10 total)
Collected r/FacebookAds: 10 new items (20 total)
Collected r/adops: 0 new items (20 total)
Collected Facebook for Business News RSS: 0 new items (10 total)
Collected r/PPC: 2 new items (20 total)
Collected r/adtech: 2 new items (20 total)
Collected Meta Ads Manager Outages: 1 new items (4 total)
Collected Meta Marketing API Outages: 0 new items (0 total)
Collected TikTok For Business Blog: 1 new items (1 total)
Collected Meta Business Suite Outages: 0 new items (0 total)
Collected r/TikTokAds: 1 new items (20 total)

> clawfeed@0.8.1 start
> node src/server.mjs

🚀 ClawFeed API running on http://127.0.0.1:8767
Collected AdExchanger: 10 new items (10 total)
Collected Search Engine Journal (PPC): 20 new items (20 total)
Collected Meta Newsroom RSS: 10 new items (10 total)
Collected AppsFlyer Blog: 0 new items (0 total)
Collected r/Affiliatemarketing: 3 new items (20 total)
Collected Meta for Developers Blog: 10 new items (10 total)
Collected Jon Loomer Digital: 50 new items (50 total)
Collected Optimizely Blog: 2 new items (2 total)
Collected Instapage Blog: 12 new items (12 total)
Collected r/programmatic: 4 new items (20 total)
Collected Search Engine Land (PPC): 10 new items (10 total)
Collected Search Engine Land (Paid Social): 10 new items (10 total)
Collected VeryFB论坛: 74 new items (74 total)
Collected r/FacebookAds: 18 new items (20 total)
Collected r/PPC: 16 new items (20 total)
Collected r/adops: 8 new items (20 total)
Collected r/adtech: 1 new items (20 total)
Collected Meta Ads Manager Outages: 2 new items (2 total)
Collected Facebook for Business News RSS: 10 new items (10 total)
Collected TikTok For Business Blog: 14 new items (14 total)
Collected Meta Business Suite Outages: 0 new items (0 total)
Collected Meta Marketing API Outages: 0 new items (0 total)
Collected VWO Blog: 9 new items (9 total)
Collected AdExchanger: 2 new items (10 total)
Collected Meta Newsroom RSS: 0 new items (10 total)
Collected Search Engine Journal (PPC): 0 new items (20 total)
Collected Meta for Developers Blog: 0 new items (10 total)
Collected AppsFlyer Blog: 0 new items (0 total)
Collected r/Affiliatemarketing: 1 new items (20 total)
Collected Jon Loomer Digital: 0 new items (50 total)
Collected Instapage Blog: 0 new items (12 total)
Collected Search Engine Land (PPC): 0 new items (10 total)
Collected r/programmatic: 1 new items (20 total)
Collected Optimizely Blog: 0 new items (2 total)
Collected VeryFB论坛: 22 new items (75 total)
Collected Search Engine Land (Paid Social): 0 new items (10 total)
Collected Meta Ads Manager Outages: 0 new items (1 total)
Collected r/FacebookAds: 14 new items (20 total)
Collected r/PPC: 1 new items (20 total)
Collected r/adops: 1 new items (20 total)
Collected r/adtech: 0 new items (20 total)
Collected TikTok For Business Blog: 0 new items (14 total)
Collected Meta Marketing API Outages: 0 new items (0 total)
Collected Meta Business Suite Outages: 0 new items (0 total)
Collected r/TikTokAds: 1 new items (20 total)
Collected Facebook for Business News RSS: 0 new items (10 total)
Collected VWO Blog: 1 new items (9 total)
Collected AdExchanger: 0 new items (10 total)
Collected Meta Newsroom RSS: 0 new items (10 total)
Collected Search Engine Journal (PPC): 0 new items (20 total)
Collected Meta for Developers Blog: 0 new items (10 total)
Collected AppsFlyer Blog: 0 new items (0 total)
Collected Jon Loomer Digital: 0 new items (50 total)
Collected r/Affiliatemarketing: 0 new items (20 total)
Collected r/programmatic: 0 new items (20 total)
Collected Search Engine Land (PPC): 0 new items (10 total)
Collected VeryFB论坛: 0 new items (75 total)
Collected Search Engine Land (Paid Social): 0 new items (10 total)
Collected Meta Ads Manager Outages: 0 new items (1 total)
Collected Instapage Blog: 0 new items (12 total)
Collected r/FacebookAds: 1 new items (20 total)
Collected r/PPC: 0 new items (20 total)
Collected r/adops: 0 new items (20 total)
Collected Meta Marketing API Outages: 0 new items (0 total)
Collected Meta Business Suite Outages: 0 new items (0 total)
Collected Optimizely Blog: 0 new items (2 total)
Collected r/adtech: 0 new items (20 total)
Collected r/TikTokAds: 0 new items (20 total)
Collected TikTok For Business Blog: 0 new items (14 total)
Collected VWO Blog: 0 new items (9 total)
Collected Facebook for Business News RSS: 0 new items (10 total)

> clawfeed@0.8.1 start
> node src/server.mjs

🚀 ClawFeed API running on http://127.0.0.1:8767
Collected r/socialmedia: 19 new items (20 total)
Collected r/growthhacking: 19 new items (20 total)
Collected r/marketing: 9 new items (20 total)
Collected r/digital_marketing: 19 new items (20 total)
Collected r/startups: 18 new items (20 total)
Collected r/ecommerce: 19 new items (20 total)
Collected r/TikTokShop: 18 new items (20 total)
Collected r/Entrepreneur: 19 new items (20 total)
Collected AdExchanger: 2 new items (10 total)
Collected Search Engine Journal (PPC): 1 new items (20 total)
Collected Meta Newsroom RSS: 0 new items (10 total)
Collected Meta for Developers Blog: 0 new items (10 total)
Collected r/privacy: 19 new items (20 total)
Collected AppsFlyer Blog: 0 new items (0 total)
Collected r/programmatic: 4 new items (20 total)
Collected r/Affiliatemarketing: 6 new items (20 total)
Collected Jon Loomer Digital: 1 new items (50 total)
Collected VeryFB论坛: 10 new items (77 total)
Collected Meta Ads Manager Outages: 0 new items (0 total)
Collected r/FacebookAds: 18 new items (20 total)
Collected Instapage Blog: 4 new items (12 total)
Collected Search Engine Land (Paid Social): 0 new items (10 total)
Collected Search Engine Land (PPC): 1 new items (10 total)
Collected Meta Marketing API Outages: 1 new items (1 total)
Collected Meta Business Suite Outages: 0 new items (0 total)
Collected Optimizely Blog: 0 new items (2 total)
Collected TikTok For Business Blog: 1 new items (14 total)
Collected VWO Blog: 0 new items (9 total)
Collected Facebook for Business News RSS: 0 new items (10 total)
Collected Search Engine Journal (PPC): 2 new items (20 total)
Collected AdExchanger: 5 new items (10 total)
Collected r/marketing: 4 new items (20 total)
Collected r/socialmedia: 12 new items (20 total)
Collected r/digital_marketing: 16 new items (20 total)
Collected r/growthhacking: 15 new items (20 total)
Collected r/Entrepreneur: 15 new items (20 total)
Collected Meta for Developers Blog: 0 new items (10 total)
Collected Meta Newsroom RSS: 0 new items (10 total)
Collected r/privacy: 12 new items (20 total)
Collected r/ecommerce: 15 new items (20 total)
Collected r/startups: 16 new items (20 total)
Collected r/TikTokShop: 15 new items (20 total)
Collected VeryFB论坛: 21 new items (71 total)
Collected AppsFlyer Blog: 0 new items (0 total)
Collected r/programmatic: 10 new items (20 total)
Collected r/Affiliatemarketing: 4 new items (20 total)
Collected Meta Ads Manager Outages: 1 new items (1 total)
Collected Jon Loomer Digital: 0 new items (50 total)
Collected r/FacebookAds: 18 new items (20 total)
Collected Meta Marketing API Outages: 0 new items (0 total)
Collected Search Engine Land (Paid Social): 0 new items (10 total)
Collected Instapage Blog: 0 new items (12 total)
Collected Search Engine Land (PPC): 5 new items (10 total)
Collected Meta Business Suite Outages: 0 new items (0 total)
Collected TikTok For Business Blog: 0 new items (14 total)
Collected r/PPC: 19 new items (20 total)
Collected r/adops: 8 new items (20 total)
Collected r/adtech: 2 new items (20 total)
Collected r/TikTokAds: 2 new items (20 total)
Collected Optimizely Blog: 0 new items (2 total)
Collected VWO Blog: 0 new items (9 total)
Collected Facebook for Business News RSS: 0 new items (10 total)

> clawfeed@0.8.1 start
> node src/server.mjs

🚀 ClawFeed API running on http://127.0.0.1:8767
Collected AdExchanger: 5 new items (10 total)
Collected Search Engine Journal (PPC): 0 new items (20 total)
Collected r/marketing: 6 new items (20 total)
Collected r/growthhacking: 20 new items (20 total)
Collected r/Entrepreneur: 13 new items (20 total)
Collected r/digital_marketing: 17 new items (20 total)
Collected r/privacy: 15 new items (20 total)
Collected Meta Newsroom RSS: 0 new items (10 total)
Collected Meta for Developers Blog: 0 new items (10 total)
Collected VeryFB论坛: 6 new items (77 total)
Collected r/socialmedia: 20 new items (20 total)
Collected r/startups: 18 new items (20 total)
Collected AppsFlyer Blog: 0 new items (0 total)
Collected Meta Ads Manager Outages: 0 new items (0 total)
Collected Search Engine Land (Paid Social): 0 new items (10 total)
Collected Meta Marketing API Outages: 0 new items (0 total)
Collected Meta Business Suite Outages: 0 new items (0 total)
Collected Jon Loomer Digital: 0 new items (50 total)
Collected Search Engine Land (PPC): 5 new items (10 total)
Collected TikTok For Business Blog: 0 new items (14 total)
Collected Instapage Blog: 0 new items (12 total)
Collected Optimizely Blog: 0 new items (2 total)
Collected VWO Blog: 1 new items (9 total)
Collected Facebook for Business News RSS: 0 new items (10 total)
