Failed NiemanLab (platform/media trends): The XML document is not well-formed
Failed The Information (public posts): The XML document is not well-formed
Failed Think with Google RSS: The XML document is not well-formed
Failed Mobile Dev Memo: The XML document is not well-formed
Failed @MetaNewsroom: The XML document is not well-formed
Failed r/FacebookAds: Unexpected end of JSON input
Failed r/FacebookMarketing: Unexpected end of JSON input
Failed r/TikTokShop: Unexpected end of JSON input
Failed r/TikTokAds: Unexpected end of JSON input
Failed r/PPC: Unexpected end of JSON input
Failed r/marketing: Unexpected end of JSON input
Failed r/adops: Unexpected end of JSON input
Failed r/Affiliatemarketing: Unexpected end of JSON input
Failed r/TikTokhelp: Unexpected end of JSON input
Failed r/programmatic: Unexpected end of JSON input
Failed r/privacy: Unexpected end of JSON input
Failed r/growthhacking: Unexpected end of JSON input
Failed r/adtech: Unexpected end of JSON input
Failed r/digital_marketing: Unexpected end of JSON input
Failed r/socialmedia: Unexpected end of JSON input
Failed r/Entrepreneur: Unexpected end of JSON input
Failed r/startups: Unexpected end of JSON input
Failed r/ecommerce: Unexpected end of JSON input
Failed NiemanLab (platform/media trends): The XML document is not well-formed
Failed Think with Google RSS: The XML document is not well-formed
Failed Mobile Dev Memo: The XML document is not well-formed
Failed The Information (public posts): The XML document is not well-formed
Failed NiemanLab (platform/media trends): The XML document is not well-formed
Failed Think with Google RSS: The XML document is not well-formed
Failed Mobile Dev Memo: The XML document is not well-formed
Failed Search Engine Land (PPC): The XML document is not well-formed
Failed Adjust Blog: The XML document is not well-formed
Failed Search Engine Land (Paid Social): The XML document is not well-formed
Failed NiemanLab (platform/media trends): The XML document is not well-formed
Failed Adjust Blog: The XML document is not well-formed
Failed Search Engine Land (PPC): The XML document is not well-formed
Failed The Information (public posts): The XML document is not well-formed
Failed NiemanLab (platform/media trends): The XML document is not well-formed
Failed r/marketing: Timeout awaiting 'request' for 20000ms
Failed Adjust Blog: The XML document is not well-formed
Failed r/FacebookMarketing: Timeout awaiting 'request' for 20000ms
Failed r/FacebookAds: Timeout awaiting 'request' for 20000ms
Failed Search Engine Land (PPC): The XML document is not well-formed
Failed r/adops: Timeout awaiting 'request' for 20000ms
Failed r/programmatic: Timeout awaiting 'request' for 20000ms
Failed r/TikTokhelp: Timeout awaiting 'request' for 20000ms
Failed r/FacebookAds: Timeout awaiting 'request' for 20000ms
Failed r/TikTokhelp: Timeout awaiting 'request' for 20000ms
Failed r/adops: Timeout awaiting 'request' for 20000ms
Failed r/FacebookMarketing: Timeout awaiting 'request' for 20000ms
Failed r/programmatic: Timeout awaiting 'request' for 20000ms
Failed Search Engine Land (PPC): The XML document is not well-formed
Failed r/PPC: Timeout awaiting 'request' for 20000ms
Failed r/privacy: Timeout awaiting 'request' for 20000ms
Failed r/adtech: Timeout awaiting 'request' for 20000ms
Failed r/TikTokShop: Timeout awaiting 'request' for 20000ms
Failed r/TikTokAds: Timeout awaiting 'request' for 20000ms
Failed r/socialmedia: Timeout awaiting 'request' for 20000ms
Failed r/adtech: Timeout awaiting 'request' for 20000ms
Failed r/TikTokShop: Timeout awaiting 'request' for 20000ms
Failed r/privacy: Timeout awaiting 'request' for 20000ms
Failed r/PPC: Timeout awaiting 'request' for 20000ms
Failed r/TikTokAds: Timeout awaiting 'request' for 20000ms
Failed r/growthhacking: Timeout awaiting 'request' for 20000ms
Failed r/digital_marketing: Timeout awaiting 'request' for 20000ms
Failed r/Affiliatemarketing: Timeout awaiting 'request' for 20000ms
Failed The Information (public posts): The XML document is not well-formed
Failed r/Entrepreneur: Client network socket disconnected before secure TLS connection was established
Failed NiemanLab (platform/media trends): The XML document is not well-formed
Failed r/startups: Timeout awaiting 'request' for 20000ms
Failed r/digital_marketing: Timeout awaiting 'request' for 20000ms
Failed r/Affiliatemarketing: Timeout awaiting 'request' for 20000ms
Failed r/socialmedia: Timeout awaiting 'request' for 20000ms
Failed r/growthhacking: Timeout awaiting 'request' for 20000ms
Failed r/Entrepreneur: Timeout awaiting 'request' for 20000ms
Failed The Information (public posts): The XML document is not well-formed
Failed NiemanLab (platform/media trends): The XML document is not well-formed
Failed r/ecommerce: Timeout awaiting 'request' for 20000ms
Failed r/startups: Timeout awaiting 'request' for 20000ms
Failed r/ecommerce: Timeout awaiting 'request' for 20000ms
Failed r/programmatic: Timeout awaiting 'request' for 20000ms
Failed r/marketing: Timeout awaiting 'request' for 20000ms
Failed r/FacebookMarketing: Timeout awaiting 'request' for 20000ms
Failed r/FacebookAds: Timeout awaiting 'request' for 20000ms
Failed r/adops: Timeout awaiting 'request' for 20000ms
Failed r/TikTokShop: Client network socket disconnected before secure TLS connection was established
Failed r/TikTokhelp: Timeout awaiting 'request' for 20000ms
Failed r/PPC: Timeout awaiting 'request' for 20000ms
Failed r/privacy: Timeout awaiting 'request' for 20000ms
Failed r/adtech: Timeout awaiting 'request' for 20000ms
Failed r/TikTokAds: Client network socket disconnected before secure TLS connection was established
Failed r/growthhacking: Client network socket disconnected before secure TLS connection was established
Failed r/digital_marketing: Client network socket disconnected before secure TLS connection was established
Failed r/socialmedia: Client network socket disconnected before secure TLS connection was established
Failed r/Affiliatemarketing: Client network socket disconnected before secure TLS connection was established
Failed NiemanLab (platform/media trends): The XML document is not well-formed
Failed r/Entrepreneur: Client network socket disconnected before secure TLS connection was established
Failed r/startups: Client network socket disconnected before secure TLS connection was established
Failed r/ecommerce: Client network socket disconnected before secure TLS connection was established
Failed r/programmatic: Client network socket disconnected before secure TLS connection was established
Failed r/marketing: Client network socket disconnected before secure TLS connection was established
Failed r/FacebookAds: Client network socket disconnected before secure TLS connection was established
Failed r/adops: Client network socket disconnected before secure TLS connection was established
Failed r/FacebookMarketing: Client network socket disconnected before secure TLS connection was established
Failed r/TikTokShop: Client network socket disconnected before secure TLS connection was established
Failed r/TikTokhelp: Client network socket disconnected before secure TLS connection was established
Failed r/PPC: Client network socket disconnected before secure TLS connection was established
Failed r/adtech: Client network socket disconnected before secure TLS connection was established
Failed r/privacy: Client network socket disconnected before secure TLS connection was established
Failed r/growthhacking: Client network socket disconnected before secure TLS connection was established
Failed r/digital_marketing: Client network socket disconnected before secure TLS connection was established
Failed r/socialmedia: Client network socket disconnected before secure TLS connection was established
Failed r/Affiliatemarketing: Client network socket disconnected before secure TLS connection was established
Failed r/TikTokAds: Client network socket disconnected before secure TLS connection was established
Failed NiemanLab (platform/media trends): The XML document is not well-formed
Failed r/marketing: Client network socket disconnected before secure TLS connection was established
Failed r/programmatic: Client network socket disconnected before secure TLS connection was established
Failed r/Entrepreneur: Client network socket disconnected before secure TLS connection was established
Failed r/startups: Client network socket disconnected before secure TLS connection was established
Failed r/ecommerce: Client network socket disconnected before secure TLS connection was established
Failed Search Engine Land (PPC): Timeout awaiting 'request' for 15000ms
Failed r/FacebookAds: Client network socket disconnected before secure TLS connection was established
Failed r/adops: Client network socket disconnected before secure TLS connection was established
Failed r/FacebookMarketing: Client network socket disconnected before secure TLS connection was established
Failed r/TikTokhelp: Client network socket disconnected before secure TLS connection was established
Failed r/TikTokShop: Client network socket disconnected before secure TLS connection was established
Failed r/PPC: Client network socket disconnected before secure TLS connection was established
Failed r/adtech: Client network socket disconnected before secure TLS connection was established
Failed r/privacy: Client network socket disconnected before secure TLS connection was established
Failed r/FacebookMarketing: http 403
RangeError: Too few parameter values were provided
    at createSource (file:///Users/qiqian/.openclaw/skills/deepclick-radar/src/db.mjs:324:5)
    at Server.<anonymous> (file:///Users/qiqian/.openclaw/skills/deepclick-radar/src/server.mjs:641:22)
    at process.processTicksAndRejections (node:internal/process/task_queues:103:5)
RangeError: Too few parameter values were provided
    at createSource (file:///Users/qiqian/.openclaw/skills/deepclick-radar/src/db.mjs:324:5)
    at Server.<anonymous> (file:///Users/qiqian/.openclaw/skills/deepclick-radar/src/server.mjs:641:22)
    at process.processTicksAndRejections (node:internal/process/task_queues:103:5)
RangeError: Too few parameter values were provided
    at createSource (file:///Users/qiqian/.openclaw/skills/deepclick-radar/src/db.mjs:324:5)
    at Server.<anonymous> (file:///Users/qiqian/.openclaw/skills/deepclick-radar/src/server.mjs:641:22)
    at process.processTicksAndRejections (node:internal/process/task_queues:103:5)
RangeError: Too few parameter values were provided
    at createSource (file:///Users/qiqian/.openclaw/skills/deepclick-radar/src/db.mjs:324:5)
    at Server.<anonymous> (file:///Users/qiqian/.openclaw/skills/deepclick-radar/src/server.mjs:641:22)
    at process.processTicksAndRejections (node:internal/process/task_queues:103:5)
Failed r/FacebookMarketing: http 429
Failed r/TikTokAds: http 429
RangeError: Too few parameter values were provided
    at createDigest (file:///Users/qiqian/.openclaw/skills/deepclick-radar/src/db.mjs:163:34)
    at Server.<anonymous> (file:///Users/qiqian/.openclaw/skills/deepclick-radar/src/server.mjs:522:22)
    at process.processTicksAndRejections (node:internal/process/task_queues:103:5)
Failed r/FacebookMarketing: http 403
RangeError: Too few parameter values were provided
    at createDigest (file:///Users/qiqian/.openclaw/skills/deepclick-radar/src/db.mjs:163:34)
    at Server.<anonymous> (file:///Users/qiqian/.openclaw/skills/deepclick-radar/src/server.mjs:522:22)
    at process.processTicksAndRejections (node:internal/process/task_queues:103:5)
Failed r/TikTokhelp: http 404
Failed r/PPC: http 429
Failed r/adops: http 429
Failed r/adtech: http 429
Failed r/TikTokAds: http 429
Failed r/TikTokhelp: http 404
RangeError: Too few parameter values were provided
    at createDigest (file:///Users/qiqian/.openclaw/skills/deepclick-radar/src/db.mjs:163:34)
    at Server.<anonymous> (file:///Users/qiqian/.openclaw/skills/deepclick-radar/src/server.mjs:522:22)
    at process.processTicksAndRejections (node:internal/process/task_queues:103:5)
Failed r/ecommerce: http 429
Failed r/programmatic: http 429
Failed r/TikTokShop: http 429
Failed r/Affiliatemarketing: http 429
Failed r/FacebookAds: http 429
Failed r/PPC: http 429
Failed r/adops: http 429
Failed r/adtech: http 429
Failed r/TikTokAds: http 429
